<?xml version="1.0" encoding="UTF-8"?>
<testng-results ignored="0" total="1" passed="1" failed="0" skipped="0">
  <reporter-output>
  </reporter-output>
  <suite started-at="2026-05-06T20:14:37 IST" name="API DB Suite" finished-at="2026-05-06T20:14:41 IST" duration-ms="4535">
    <groups>
    </groups>
    <test started-at="2026-05-06T20:14:37 IST" name="User Test" finished-at="2026-05-06T20:14:41 IST" duration-ms="4535">
      <class name="tests.UserTest">
        <test-method signature="testAPI_DB_Validation()[pri:0, instance:tests.UserTest@8dbdac1]" started-at="2026-05-06T20:14:37 IST" name="testAPI_DB_Validation" finished-at="2026-05-06T20:14:41 IST" duration-ms="4493" status="PASS">
          <reporter-output>
          </reporter-output>
        </test-method> <!-- testAPI_DB_Validation -->
      </class> <!-- tests.UserTest -->
    </test> <!-- User Test -->
  </suite> <!-- API DB Suite -->
</testng-results>
